<?xml version="1.0" encoding="UTF-8"?>
<robot generator="Robot 2.8.5 (Jython 2.5.3 on java1.7.0_71)" generated="20141101 19:04:46.581">
<suite source="C:\Users\Sari\Documents\GitHub\GroupA\acceptance\Feature1Tests.txt" id="s1" name="Feature1Tests">
<test id="s1-t1" name="Test Case 1">
<kw type="kw" name="Feature1Keywords.Start Program">
<doc></doc>
<arguments>
<arg>7</arg>
<arg>5</arg>
<arg>2</arg>
</arguments>
<status status="PASS" endtime="20141101 19:04:48.407" starttime="20141101 19:04:46.945"></status>
</kw>
<kw type="kw" name="${length} = Feature1Keywords.Get">
<doc></doc>
<arguments>
<arg>Length</arg>
</arguments>
<msg timestamp="20141101 19:04:48.438" level="INFO">${length} = 7</msg>
<status status="PASS" endtime="20141101 19:04:48.438" starttime="20141101 19:04:48.438"></status>
</kw>
<kw type="kw" name="BuiltIn.Should Be Equal">
<doc>Fails if the given objects are unequal.</doc>
<arguments>
<arg>${length}</arg>
<arg>7</arg>
</arguments>
<msg timestamp="20141101 19:04:48.438" level="INFO">Argument types are:
&lt;type 'unicode'&gt;
&lt;type 'unicode'&gt;</msg>
<status status="PASS" endtime="20141101 19:04:48.438" starttime="20141101 19:04:48.438"></status>
</kw>
<kw type="kw" name="${width} = Feature1Keywords.Get">
<doc></doc>
<arguments>
<arg>Width</arg>
</arguments>
<msg timestamp="20141101 19:04:48.454" level="INFO">${width} = 5</msg>
<status status="PASS" endtime="20141101 19:04:48.454" starttime="20141101 19:04:48.454"></status>
</kw>
<kw type="kw" name="BuiltIn.Should Be Equal">
<doc>Fails if the given objects are unequal.</doc>
<arguments>
<arg>${width}</arg>
<arg>5</arg>
</arguments>
<msg timestamp="20141101 19:04:48.454" level="INFO">Argument types are:
&lt;type 'unicode'&gt;
&lt;type 'unicode'&gt;</msg>
<status status="PASS" endtime="20141101 19:04:48.454" starttime="20141101 19:04:48.454"></status>
</kw>
<kw type="kw" name="${height} = Feature1Keywords.Get">
<doc></doc>
<arguments>
<arg>Height</arg>
</arguments>
<msg timestamp="20141101 19:04:48.454" level="INFO">${height} = 2</msg>
<status status="PASS" endtime="20141101 19:04:48.454" starttime="20141101 19:04:48.454"></status>
</kw>
<kw type="kw" name="BuiltIn.Should Be Equal">
<doc>Fails if the given objects are unequal.</doc>
<arguments>
<arg>2</arg>
<arg>${height}</arg>
</arguments>
<msg timestamp="20141101 19:04:48.454" level="INFO">Argument types are:
&lt;type 'unicode'&gt;
&lt;type 'unicode'&gt;</msg>
<status status="PASS" endtime="20141101 19:04:48.454" starttime="20141101 19:04:48.454"></status>
</kw>
<doc></doc>
<tags>
</tags>
<status status="PASS" critical="yes" endtime="20141101 19:04:48.454" starttime="20141101 19:04:46.940"></status>
</test>
<test id="s1-t2" name="Test Case 2">
<kw type="kw" name="Feature1Keywords.Start Program">
<doc></doc>
<arguments>
<arg>dog</arg>
<arg>2</arg>
<arg>true</arg>
<arg>3.5</arg>
</arguments>
<status status="PASS" endtime="20141101 19:04:48.470" starttime="20141101 19:04:48.470"></status>
</kw>
<kw type="kw" name="${pet} = Feature1Keywords.Get">
<doc></doc>
<arguments>
<arg>Pet</arg>
</arguments>
<msg timestamp="20141101 19:04:48.470" level="INFO">${pet} = dog</msg>
<status status="PASS" endtime="20141101 19:04:48.470" starttime="20141101 19:04:48.470"></status>
</kw>
<kw type="kw" name="BuiltIn.Should Be Equal">
<doc>Fails if the given objects are unequal.</doc>
<arguments>
<arg>${pet}</arg>
<arg>dog</arg>
</arguments>
<msg timestamp="20141101 19:04:48.470" level="INFO">Argument types are:
&lt;type 'unicode'&gt;
&lt;type 'unicode'&gt;</msg>
<status status="PASS" endtime="20141101 19:04:48.470" starttime="20141101 19:04:48.470"></status>
</kw>
<kw type="kw" name="${number} = Feature1Keywords.Get">
<doc></doc>
<arguments>
<arg>Number</arg>
</arguments>
<msg timestamp="20141101 19:04:48.485" level="INFO">${number} = 2</msg>
<status status="PASS" endtime="20141101 19:04:48.485" starttime="20141101 19:04:48.485"></status>
</kw>
<kw type="kw" name="BuiltIn.Should Be Equal">
<doc>Fails if the given objects are unequal.</doc>
<arguments>
<arg>${number}</arg>
<arg>2</arg>
</arguments>
<msg timestamp="20141101 19:04:48.485" level="INFO">Argument types are:
&lt;type 'unicode'&gt;
&lt;type 'unicode'&gt;</msg>
<status status="PASS" endtime="20141101 19:04:48.485" starttime="20141101 19:04:48.485"></status>
</kw>
<kw type="kw" name="${rainy} = Feature1Keywords.Get">
<doc></doc>
<arguments>
<arg>Rainy</arg>
</arguments>
<msg timestamp="20141101 19:04:48.485" level="INFO">${rainy} = true</msg>
<status status="PASS" endtime="20141101 19:04:48.485" starttime="20141101 19:04:48.485"></status>
</kw>
<kw type="kw" name="BuiltIn.Should Be Equal">
<doc>Fails if the given objects are unequal.</doc>
<arguments>
<arg>${rainy}</arg>
<arg>true</arg>
</arguments>
<msg timestamp="20141101 19:04:48.485" level="INFO">Argument types are:
&lt;type 'unicode'&gt;
&lt;type 'unicode'&gt;</msg>
<status status="PASS" endtime="20141101 19:04:48.485" starttime="20141101 19:04:48.485"></status>
</kw>
<kw type="kw" name="${bathrooms} = Feature1Keywords.Get">
<doc></doc>
<arguments>
<arg>Bathrooms</arg>
</arguments>
<msg timestamp="20141101 19:04:48.501" level="INFO">${bathrooms} = 3.5</msg>
<status status="PASS" endtime="20141101 19:04:48.501" starttime="20141101 19:04:48.485"></status>
</kw>
<kw type="kw" name="BuiltIn.Should Be Equal">
<doc>Fails if the given objects are unequal.</doc>
<arguments>
<arg>${bathrooms}</arg>
<arg>3.5</arg>
</arguments>
<msg timestamp="20141101 19:04:48.501" level="INFO">Argument types are:
&lt;type 'unicode'&gt;
&lt;type 'unicode'&gt;</msg>
<status status="PASS" endtime="20141101 19:04:48.501" starttime="20141101 19:04:48.501"></status>
</kw>
<doc></doc>
<tags>
</tags>
<status status="PASS" critical="yes" endtime="20141101 19:04:48.501" starttime="20141101 19:04:48.470"></status>
</test>
<test id="s1-t3" name="Test Case 3">
<kw type="kw" name="Feature1Keywords.Start Program With Optionals">
<doc></doc>
<arguments>
<arg>7 --type box 5 2</arg>
</arguments>
<status status="PASS" endtime="20141101 19:04:48.501" starttime="20141101 19:04:48.501"></status>
</kw>
<kw type="kw" name="${type} = Feature1Keywords.Get">
<doc></doc>
<arguments>
<arg>--Type</arg>
</arguments>
<msg timestamp="20141101 19:04:48.516" level="INFO">${type} = box</msg>
<status status="PASS" endtime="20141101 19:04:48.516" starttime="20141101 19:04:48.501"></status>
</kw>
<kw type="kw" name="BuiltIn.Should Be Equal">
<doc>Fails if the given objects are unequal.</doc>
<arguments>
<arg>${type}</arg>
<arg>box</arg>
</arguments>
<msg timestamp="20141101 19:04:48.516" level="INFO">Argument types are:
&lt;type 'unicode'&gt;
&lt;type 'unicode'&gt;</msg>
<status status="PASS" endtime="20141101 19:04:48.516" starttime="20141101 19:04:48.516"></status>
</kw>
<doc></doc>
<tags>
</tags>
<status status="PASS" critical="yes" endtime="20141101 19:04:48.516" starttime="20141101 19:04:48.501"></status>
</test>
<doc></doc>
<metadata>
</metadata>
<status status="PASS" endtime="20141101 19:04:48.516" starttime="20141101 19:04:46.596"></status>
</suite>
<statistics>
<total>
<stat pass="3" fail="0">Critical Tests</stat>
<stat pass="3" fail="0">All Tests</stat>
</total>
<tag>
</tag>
<suite>
<stat pass="3" id="s1" fail="0" name="Feature1Tests">Feature1Tests</stat>
</suite>
</statistics>
<errors>
</errors>
</robot>
