<?xml version="1.0" encoding="UTF-8"?>
<robot generator="Robot 2.8.5 (Jython 2.5.3 on java1.7.0_71)" generated="20141111 18:45:25.005">
<suite source="C:\Users\Sari\Documents\GitHub\GroupA\acceptance\Feature1Tests.txt" id="s1" name="Feature1Tests">
<test id="s1-t1" name="Test Case 1">
<kw type="kw" name="Feature1Keywords.Start Program">
<doc></doc>
<arguments>
<arg>7 5 2</arg>
</arguments>
<status status="PASS" endtime="20141111 18:45:25.378" starttime="20141111 18:45:25.367"></status>
</kw>
<kw type="kw" name="${length} = Feature1Keywords.Get">
<doc></doc>
<arguments>
<arg>Length</arg>
</arguments>
<msg timestamp="20141111 18:45:25.383" level="INFO">${length} = 7</msg>
<status status="PASS" endtime="20141111 18:45:25.382" starttime="20141111 18:45:25.380"></status>
</kw>
<kw type="kw" name="BuiltIn.Should Be Equal">
<doc>Fails if the given objects are unequal.</doc>
<arguments>
<arg>${length}</arg>
<arg>7</arg>
</arguments>
<msg timestamp="20141111 18:45:25.388" level="INFO">Argument types are:
&lt;type 'unicode'&gt;
&lt;type 'unicode'&gt;</msg>
<status status="PASS" endtime="20141111 18:45:25.389" starttime="20141111 18:45:25.385"></status>
</kw>
<kw type="kw" name="${width} = Feature1Keywords.Get">
<doc></doc>
<arguments>
<arg>Width</arg>
</arguments>
<msg timestamp="20141111 18:45:25.393" level="INFO">${width} = 5</msg>
<status status="PASS" endtime="20141111 18:45:25.392" starttime="20141111 18:45:25.390"></status>
</kw>
<kw type="kw" name="BuiltIn.Should Be Equal">
<doc>Fails if the given objects are unequal.</doc>
<arguments>
<arg>${width}</arg>
<arg>5</arg>
</arguments>
<msg timestamp="20141111 18:45:25.397" level="INFO">Argument types are:
&lt;type 'unicode'&gt;
&lt;type 'unicode'&gt;</msg>
<status status="PASS" endtime="20141111 18:45:25.398" starttime="20141111 18:45:25.394"></status>
</kw>
<kw type="kw" name="${height} = Feature1Keywords.Get">
<doc></doc>
<arguments>
<arg>Height</arg>
</arguments>
<msg timestamp="20141111 18:45:25.401" level="INFO">${height} = 2</msg>
<status status="PASS" endtime="20141111 18:45:25.401" starttime="20141111 18:45:25.399"></status>
</kw>
<kw type="kw" name="BuiltIn.Should Be Equal">
<doc>Fails if the given objects are unequal.</doc>
<arguments>
<arg>2</arg>
<arg>${height}</arg>
</arguments>
<msg timestamp="20141111 18:45:25.406" level="INFO">Argument types are:
&lt;type 'unicode'&gt;
&lt;type 'unicode'&gt;</msg>
<status status="PASS" endtime="20141111 18:45:25.407" starttime="20141111 18:45:25.403"></status>
</kw>
<doc></doc>
<tags>
</tags>
<status status="PASS" critical="yes" endtime="20141111 18:45:25.409" starttime="20141111 18:45:25.362"></status>
</test>
<test id="s1-t2" name="Test Case 2">
<kw type="kw" name="Feature1Keywords.Start Program Mixed">
<doc></doc>
<arguments>
<arg>dog 2 true 3.5</arg>
</arguments>
<status status="PASS" endtime="20141111 18:45:25.418" starttime="20141111 18:45:25.416"></status>
</kw>
<kw type="kw" name="${pet} = Feature1Keywords.Get">
<doc></doc>
<arguments>
<arg>Pet</arg>
</arguments>
<msg timestamp="20141111 18:45:25.423" level="INFO">${pet} = dog</msg>
<status status="PASS" endtime="20141111 18:45:25.422" starttime="20141111 18:45:25.420"></status>
</kw>
<kw type="kw" name="BuiltIn.Should Be Equal">
<doc>Fails if the given objects are unequal.</doc>
<arguments>
<arg>${pet}</arg>
<arg>dog</arg>
</arguments>
<msg timestamp="20141111 18:45:25.428" level="INFO">Argument types are:
&lt;type 'unicode'&gt;
&lt;type 'unicode'&gt;</msg>
<status status="PASS" endtime="20141111 18:45:25.429" starttime="20141111 18:45:25.425"></status>
</kw>
<kw type="kw" name="${number} = Feature1Keywords.Get">
<doc></doc>
<arguments>
<arg>Number</arg>
</arguments>
<msg timestamp="20141111 18:45:25.434" level="INFO">${number} = 2</msg>
<status status="PASS" endtime="20141111 18:45:25.433" starttime="20141111 18:45:25.431"></status>
</kw>
<kw type="kw" name="BuiltIn.Should Be Equal">
<doc>Fails if the given objects are unequal.</doc>
<arguments>
<arg>${number}</arg>
<arg>2</arg>
</arguments>
<msg timestamp="20141111 18:45:25.439" level="INFO">Argument types are:
&lt;type 'unicode'&gt;
&lt;type 'unicode'&gt;</msg>
<status status="PASS" endtime="20141111 18:45:25.440" starttime="20141111 18:45:25.436"></status>
</kw>
<kw type="kw" name="${rainy} = Feature1Keywords.Get">
<doc></doc>
<arguments>
<arg>Rainy</arg>
</arguments>
<msg timestamp="20141111 18:45:25.444" level="INFO">${rainy} = true</msg>
<status status="PASS" endtime="20141111 18:45:25.443" starttime="20141111 18:45:25.441"></status>
</kw>
<kw type="kw" name="BuiltIn.Should Be Equal">
<doc>Fails if the given objects are unequal.</doc>
<arguments>
<arg>${rainy}</arg>
<arg>true</arg>
</arguments>
<msg timestamp="20141111 18:45:25.448" level="INFO">Argument types are:
&lt;type 'unicode'&gt;
&lt;type 'unicode'&gt;</msg>
<status status="PASS" endtime="20141111 18:45:25.449" starttime="20141111 18:45:25.446"></status>
</kw>
<kw type="kw" name="${bathrooms} = Feature1Keywords.Get">
<doc></doc>
<arguments>
<arg>Bathrooms</arg>
</arguments>
<msg timestamp="20141111 18:45:25.453" level="INFO">${bathrooms} = 3.5</msg>
<status status="PASS" endtime="20141111 18:45:25.453" starttime="20141111 18:45:25.451"></status>
</kw>
<kw type="kw" name="BuiltIn.Should Be Equal">
<doc>Fails if the given objects are unequal.</doc>
<arguments>
<arg>${bathrooms}</arg>
<arg>3.5</arg>
</arguments>
<msg timestamp="20141111 18:45:25.458" level="INFO">Argument types are:
&lt;type 'unicode'&gt;
&lt;type 'unicode'&gt;</msg>
<status status="PASS" endtime="20141111 18:45:25.459" starttime="20141111 18:45:25.455"></status>
</kw>
<doc></doc>
<tags>
</tags>
<status status="PASS" critical="yes" endtime="20141111 18:45:25.461" starttime="20141111 18:45:25.411"></status>
</test>
<test id="s1-t3" name="Test Case 3">
<kw type="kw" name="Feature1Keywords.Start Program With Optionals">
<doc></doc>
<arguments>
<arg>7 --type box 5 2</arg>
</arguments>
<status status="PASS" endtime="20141111 18:45:25.475" starttime="20141111 18:45:25.472"></status>
</kw>
<kw type="kw" name="${type} = Feature1Keywords.Get">
<doc></doc>
<arguments>
<arg>--Type</arg>
</arguments>
<msg timestamp="20141111 18:45:25.479" level="INFO">${type} = box</msg>
<status status="PASS" endtime="20141111 18:45:25.479" starttime="20141111 18:45:25.477"></status>
</kw>
<kw type="kw" name="BuiltIn.Should Be Equal">
<doc>Fails if the given objects are unequal.</doc>
<arguments>
<arg>${type}</arg>
<arg>box</arg>
</arguments>
<msg timestamp="20141111 18:45:25.484" level="INFO">Argument types are:
&lt;type 'unicode'&gt;
&lt;type 'unicode'&gt;</msg>
<status status="PASS" endtime="20141111 18:45:25.485" starttime="20141111 18:45:25.481"></status>
</kw>
<doc></doc>
<tags>
</tags>
<status status="PASS" critical="yes" endtime="20141111 18:45:25.486" starttime="20141111 18:45:25.464"></status>
</test>
<test id="s1-t4" name="Test Case 4">
<kw type="kw" name="Feature1Keywords.Start Program With Short">
<doc></doc>
<arguments>
<arg>7 -t box 5 2</arg>
</arguments>
<status status="PASS" endtime="20141111 18:45:25.496" starttime="20141111 18:45:25.493"></status>
</kw>
<kw type="kw" name="${type} = Feature1Keywords.Get">
<doc></doc>
<arguments>
<arg>--Type</arg>
</arguments>
<msg timestamp="20141111 18:45:25.502" level="INFO">${type} = box</msg>
<status status="PASS" endtime="20141111 18:45:25.501" starttime="20141111 18:45:25.500"></status>
</kw>
<kw type="kw" name="BuiltIn.Should Be Equal">
<doc>Fails if the given objects are unequal.</doc>
<arguments>
<arg>${type}</arg>
<arg>box</arg>
</arguments>
<msg timestamp="20141111 18:45:25.506" level="INFO">Argument types are:
&lt;type 'unicode'&gt;
&lt;type 'unicode'&gt;</msg>
<status status="PASS" endtime="20141111 18:45:25.507" starttime="20141111 18:45:25.504"></status>
</kw>
<doc></doc>
<tags>
</tags>
<status status="PASS" critical="yes" endtime="20141111 18:45:25.509" starttime="20141111 18:45:25.489"></status>
</test>
<test id="s1-t5" name="Test Case 5">
<kw type="kw" name="Feature1Keywords.Start Program With Xml">
<doc></doc>
<arguments>
<arg>7 5 2</arg>
</arguments>
<status status="PASS" endtime="20141111 18:45:25.593" starttime="20141111 18:45:25.515"></status>
</kw>
<kw type="kw" name="${length} = Feature1Keywords.Get">
<doc></doc>
<arguments>
<arg>Length</arg>
</arguments>
<msg timestamp="20141111 18:45:25.609" level="INFO">${length} = 7.0</msg>
<status status="PASS" endtime="20141111 18:45:25.609" starttime="20141111 18:45:25.609"></status>
</kw>
<kw type="kw" name="BuiltIn.Should Be Equal">
<doc>Fails if the given objects are unequal.</doc>
<arguments>
<arg>${length}</arg>
<arg>7.0</arg>
</arguments>
<msg timestamp="20141111 18:45:25.609" level="INFO">Argument types are:
&lt;type 'unicode'&gt;
&lt;type 'unicode'&gt;</msg>
<status status="PASS" endtime="20141111 18:45:25.609" starttime="20141111 18:45:25.609"></status>
</kw>
<kw type="kw" name="${width} = Feature1Keywords.Get">
<doc></doc>
<arguments>
<arg>Width</arg>
</arguments>
<msg timestamp="20141111 18:45:25.609" level="INFO">${width} = 5.0</msg>
<status status="PASS" endtime="20141111 18:45:25.609" starttime="20141111 18:45:25.609"></status>
</kw>
<kw type="kw" name="BuiltIn.Should Be Equal">
<doc>Fails if the given objects are unequal.</doc>
<arguments>
<arg>${width}</arg>
<arg>5.0</arg>
</arguments>
<msg timestamp="20141111 18:45:25.609" level="INFO">Argument types are:
&lt;type 'unicode'&gt;
&lt;type 'unicode'&gt;</msg>
<status status="PASS" endtime="20141111 18:45:25.609" starttime="20141111 18:45:25.609"></status>
</kw>
<kw type="kw" name="${height} = Feature1Keywords.Get">
<doc></doc>
<arguments>
<arg>Height</arg>
</arguments>
<msg timestamp="20141111 18:45:25.624" level="INFO">${height} = 2.0</msg>
<status status="PASS" endtime="20141111 18:45:25.624" starttime="20141111 18:45:25.609"></status>
</kw>
<kw type="kw" name="BuiltIn.Should Be Equal">
<doc>Fails if the given objects are unequal.</doc>
<arguments>
<arg>${height}</arg>
<arg>2.0</arg>
</arguments>
<msg timestamp="20141111 18:45:25.624" level="INFO">Argument types are:
&lt;type 'unicode'&gt;
&lt;type 'unicode'&gt;</msg>
<status status="PASS" endtime="20141111 18:45:25.624" starttime="20141111 18:45:25.624"></status>
</kw>
<doc></doc>
<tags>
</tags>
<status status="PASS" critical="yes" endtime="20141111 18:45:25.624" starttime="20141111 18:45:25.511"></status>
</test>
<doc></doc>
<metadata>
</metadata>
<status status="PASS" endtime="20141111 18:45:25.624" starttime="20141111 18:45:25.010"></status>
</suite>
<statistics>
<total>
<stat pass="5" fail="0">Critical Tests</stat>
<stat pass="5" fail="0">All Tests</stat>
</total>
<tag>
</tag>
<suite>
<stat pass="5" id="s1" fail="0" name="Feature1Tests">Feature1Tests</stat>
</suite>
</statistics>
<errors>
</errors>
</robot>
